<?xml version="1.0" encoding="UTF-8"?>
<!-- Generated by org.testng.reporters.JUnitReportReporter -->
<testsuite hostname="COGNINE-L137" failures="0" tests="1" name="demoQA.DemoQAElements" time="11.068" errors="0" timestamp="2025-03-05T17:34:34 IST" skipped="0">
  <testcase classname="demoQA.DemoQAElements" name="ElementsinDemoQA" time="11.068"/>
  <system-out/>
</testsuite> <!-- demoQA.DemoQAElements -->
