<?xml version="1.0" encoding="UTF-8"?>
<!-- Generated by org.testng.reporters.JUnitReportReporter -->
<testsuite hostname="COGNINE-L137" failures="0" tests="2" name="demoQA.DemoQATest" time="69.524" errors="0" timestamp="2025-04-19T15:21:53 IST" skipped="0">
  <testcase classname="demoQA.DemoQATest" name="registerAndLoginTest" time="69.106"/>
  <system-out/>
  <testcase classname="demoQA.DemoQATest" name="tearDown" time="0.418"/>
  <system-out/>
</testsuite> <!-- demoQA.DemoQATest -->
